<?xml version="1.0" encoding="UTF-8"?>
<testng-results ignored="0" total="5" passed="5" failed="0" skipped="0">
  <reporter-output>
  </reporter-output>
  <suite started-at="2021-05-06T10:23:56 IST" name="Default suite" finished-at="2021-05-06T10:24:59 IST" duration-ms="63491">
    <groups>
      <group name="cucumber">
        <method signature="AbstractTestNGCucumberTests.runScenario(io.cucumber.testng.PickleWrapper,io.cucumber.testng.FeatureWrapper)[pri:0, instance:Runner_Files.Home_Runner@59474f18]" name="runScenario" class="io.cucumber.testng.AbstractTestNGCucumberTests"/>
      </group> <!-- cucumber -->
    </groups>
    <test started-at="2021-05-06T10:23:56 IST" name="Default test" finished-at="2021-05-06T10:24:59 IST" duration-ms="63491">
      <class name="Runner_Files.Home_Runner">
        <test-method is-config="true" signature="setUpClass()[pri:0, instance:Runner_Files.Home_Runner@59474f18]" started-at="2021-05-06T10:23:56 IST" name="setUpClass" finished-at="2021-05-06T10:23:58 IST" duration-ms="1604" status="PASS">
          <reporter-output>
          </reporter-output>
        </test-method> <!-- setUpClass -->
        <test-method signature="runScenario(io.cucumber.testng.PickleWrapper,io.cucumber.testng.FeatureWrapper)[pri:0, instance:Runner_Files.Home_Runner@59474f18]" started-at="2021-05-06T10:23:58 IST" name="runScenario" description="Runs Cucumber Scenarios" data-provider="scenarios" finished-at="2021-05-06T10:24:25 IST" duration-ms="27883" status="PASS">
          <params>
            <param index="0">
              <value>
                <![CDATA["Validate that the user is navigated to Welcome page"]]>
              </value>
            </param>
            <param index="1">
              <value>
                <![CDATA["Optional[User must be able to Login to the Homepage]"]]>
              </value>
            </param>
          </params>
          <reporter-output>
          </reporter-output>
        </test-method> <!-- runScenario -->
        <test-method signature="runScenario(io.cucumber.testng.PickleWrapper,io.cucumber.testng.FeatureWrapper)[pri:0, instance:Runner_Files.Home_Runner@59474f18]" started-at="2021-05-06T10:24:25 IST" name="runScenario" description="Runs Cucumber Scenarios" data-provider="scenarios" finished-at="2021-05-06T10:24:31 IST" duration-ms="5703" status="PASS">
          <params>
            <param index="0">
              <value>
                <![CDATA["Validate that the user is able to Login with valid data"]]>
              </value>
            </param>
            <param index="1">
              <value>
                <![CDATA["Optional[User must be able to Login to the Homepage]"]]>
              </value>
            </param>
          </params>
          <reporter-output>
          </reporter-output>
        </test-method> <!-- runScenario -->
        <test-method signature="runScenario(io.cucumber.testng.PickleWrapper,io.cucumber.testng.FeatureWrapper)[pri:0, instance:Runner_Files.Home_Runner@59474f18]" started-at="2021-05-06T10:24:31 IST" name="runScenario" description="Runs Cucumber Scenarios" data-provider="scenarios" finished-at="2021-05-06T10:24:50 IST" duration-ms="18773" status="PASS">
          <params>
            <param index="0">
              <value>
                <![CDATA["Validate that the user is in Home page"]]>
              </value>
            </param>
            <param index="1">
              <value>
                <![CDATA["Optional[User must be able to Login to the Homepage]"]]>
              </value>
            </param>
          </params>
          <reporter-output>
          </reporter-output>
        </test-method> <!-- runScenario -->
        <test-method signature="runScenario(io.cucumber.testng.PickleWrapper,io.cucumber.testng.FeatureWrapper)[pri:0, instance:Runner_Files.Home_Runner@59474f18]" started-at="2021-05-06T10:24:50 IST" name="runScenario" description="Runs Cucumber Scenarios" data-provider="scenarios" finished-at="2021-05-06T10:24:51 IST" duration-ms="1011" status="PASS">
          <params>
            <param index="0">
              <value>
                <![CDATA["Validate that the user is navigated to the  Refer a friend page on clicking 'Refer a friend' button"]]>
              </value>
            </param>
            <param index="1">
              <value>
                <![CDATA["Optional[User must be able to Login to the Homepage]"]]>
              </value>
            </param>
          </params>
          <reporter-output>
          </reporter-output>
        </test-method> <!-- runScenario -->
        <test-method signature="runScenario(io.cucumber.testng.PickleWrapper,io.cucumber.testng.FeatureWrapper)[pri:0, instance:Runner_Files.Home_Runner@59474f18]" started-at="2021-05-06T10:24:51 IST" name="runScenario" description="Runs Cucumber Scenarios" data-provider="scenarios" finished-at="2021-05-06T10:24:57 IST" duration-ms="6347" status="PASS">
          <params>
            <param index="0">
              <value>
                <![CDATA["Validate that the user is navigated to the Second Opinion page on clicking 'Request for second opinion' button"]]>
              </value>
            </param>
            <param index="1">
              <value>
                <![CDATA["Optional[User must be able to Login to the Homepage]"]]>
              </value>
            </param>
          </params>
          <reporter-output>
          </reporter-output>
        </test-method> <!-- runScenario -->
        <test-method is-config="true" signature="tearDownClass()[pri:0, instance:Runner_Files.Home_Runner@59474f18]" started-at="2021-05-06T10:24:57 IST" name="tearDownClass" finished-at="2021-05-06T10:24:59 IST" duration-ms="2132" status="PASS">
          <reporter-output>
          </reporter-output>
        </test-method> <!-- tearDownClass -->
      </class> <!-- Runner_Files.Home_Runner -->
    </test> <!-- Default test -->
  </suite> <!-- Default suite -->
</testng-results>
